
-------------------------------------
/var/log/httpd/access_log
-------------------------------------
::1 (-) - - [10/Mar/2018:22:47:40 +0000] "OPTIONS * HTTP/1.0" 200 - "-" "Apache/2.4.27 (Amazon) mod_wsgi/3.5 Python/3.6.2 (internal dummy connection)"
::1 (-) - - [10/Mar/2018:22:47:41 +0000] "OPTIONS * HTTP/1.0" 200 - "-" "Apache/2.4.27 (Amazon) mod_wsgi/3.5 Python/3.6.2 (internal dummy connection)"
::1 (-) - - [10/Mar/2018:22:47:42 +0000] "OPTIONS * HTTP/1.0" 200 - "-" "Apache/2.4.27 (Amazon) mod_wsgi/3.5 Python/3.6.2 (internal dummy connection)"
::1 (-) - - [10/Mar/2018:22:47:43 +0000] "OPTIONS * HTTP/1.0" 200 - "-" "Apache/2.4.27 (Amazon) mod_wsgi/3.5 Python/3.6.2 (internal dummy connection)"
::1 (-) - - [10/Mar/2018:22:47:44 +0000] "OPTIONS * HTTP/1.0" 200 - "-" "Apache/2.4.27 (Amazon) mod_wsgi/3.5 Python/3.6.2 (internal dummy connection)"
172.31.12.194 (52.91.45.231) - - [11/Mar/2018:00:07:54 +0000] "GET / HTTP/1.1" 200 11520 "-" "Mozilla/5.0 (Windows NT 6.2;en-US) AppleWebKit/537.32.36 (KHTML, live Gecko) Chrome/54.0.3029.62 Safari/537.32"
172.31.35.1 (124.40.254.38) - - [11/Mar/2018:00:43:31 +0000] "GET /CFIDE/administrator/ HTTP/1.1" 404 233 "-" "-"
172.31.35.1 (196.52.43.111) - - [11/Mar/2018:01:32:30 +0000] "GET / HTTP/1.1" 200 11520 "-" "Mozilla/5.0(WindowsNT6.1;rv:31.0)Gecko/20100101Firefox/31.0"
172.31.12.194 (60.191.29.20) - - [11/Mar/2018:04:10:44 +0000] "GET / HTTP/1.1" 200 11520 "-" "-"
172.31.12.194 (60.191.48.204) - - [11/Mar/2018:04:11:10 +0000] "GET / HTTP/1.1" 200 11520 "-" "-"
172.31.12.194 (23.225.201.190) - - [11/Mar/2018:05:47:13 +0000] "GET /manager/html HTTP/1.1" 404 233 "-" "Mozilla/5.0 (compatible; MSIE 10.0; Windows NT 6.2; WOW64; Trident/6.0)"
172.31.35.1 (58.19.57.81) - - [11/Mar/2018:08:39:44 +0000] "GET / HTTP/1.1" 200 11520 "-" "-"
172.31.12.194 (196.52.43.115) - - [11/Mar/2018:11:19:17 +0000] "GET / HTTP/1.1" 200 11520 "-" "Mozilla/5.0(WindowsNT6.1;rv:31.0)Gecko/20100101Firefox/31.0"
172.31.12.194 (107.170.228.248) - - [11/Mar/2018:11:35:26 +0000] "GET / HTTP/1.1" 200 11520 "-" "Mozilla/5.0 zgrab/0.x"
172.31.35.1 (162.243.148.241) - - [11/Mar/2018:11:44:53 +0000] "GET / HTTP/1.1" 200 11520 "-" "Mozilla/5.0 zgrab/0.x"
172.31.12.194 (216.244.83.210) - - [11/Mar/2018:13:34:07 +0000] "GET / HTTP/1.1" 200 11520 "-" "sysscan/1.0 (https://github.com/robertdavidgraham/sysscan)"
172.31.35.1 (216.244.83.210) - - [11/Mar/2018:14:03:55 +0000] "GET / HTTP/1.1" 200 11520 "-" "sysscan/1.0 (https://github.com/robertdavidgraham/sysscan)"
172.31.35.1 (178.73.215.171) - - [11/Mar/2018:18:05:33 +0000] "GET / HTTP/1.1" 200 11520 "-" "-"
172.31.12.194 (178.73.215.171) - - [11/Mar/2018:18:51:40 +0000] "GET / HTTP/1.1" 200 11520 "-" "-"
172.31.35.1 (95.225.134.91) - - [11/Mar/2018:19:04:14 +0000] "GET / HTTP/1.1" 200 11520 "-" "-"
172.31.12.194 (54.167.255.217) - - [11/Mar/2018:21:08:54 +0000] "HEAD / HTTP/1.1" 200 - "-" "Cloud mapping experiment. Contact research@pdrlabs.net"
172.31.12.194 (54.162.182.82) - - [11/Mar/2018:21:08:59 +0000] "HEAD / HTTP/1.1" 200 - "-" "Cloud mapping experiment. Contact research@pdrlabs.net"
::1 (-) - - [11/Mar/2018:21:10:05 +0000] "OPTIONS * HTTP/1.0" 200 - "-" "Apache/2.4.27 (Amazon) mod_wsgi/3.5 Python/3.6.2 (internal dummy connection)"
::1 (-) - - [11/Mar/2018:21:10:06 +0000] "OPTIONS * HTTP/1.0" 200 - "-" "Apache/2.4.27 (Amazon) mod_wsgi/3.5 Python/3.6.2 (internal dummy connection)"
::1 (-) - - [11/Mar/2018:21:10:19 +0000] "OPTIONS * HTTP/1.0" 200 - "-" "Apache/2.4.27 (Amazon) mod_wsgi/3.5 Python/3.6.2 (internal dummy connection)"
172.31.35.1 (196.52.43.56) - - [13/Mar/2018:08:28:02 +0000] "GET / HTTP/1.1" 200 11520 "-" "Mozilla/5.0(WindowsNT6.1;rv:31.0)Gecko/20100101Firefox/31.0"
172.31.12.194 (196.52.43.113) - - [13/Mar/2018:08:59:41 +0000] "GET / HTTP/1.1" 200 11520 "-" "Mozilla/5.0(WindowsNT6.1;rv:31.0)Gecko/20100101Firefox/31.0"
172.31.12.194 (183.129.160.229) - - [13/Mar/2018:09:23:41 +0000] "GET /wp-includes/ HTTP/1.1" 404 233 "-" "Mozilla/5.0 (Macintosh; Intel Mac OS X 10.11; rv:47.0) Gecko/20100101 Firefox/47.0"
172.31.12.194 (183.129.160.229) - - [13/Mar/2018:09:23:41 +0000] "GET /wp-includes/SimplePie/ogi.exe HTTP/1.1" 404 233 "-" "Mozilla/5.0 (Macintosh; Intel Mac OS X 10.11; rv:47.0) Gecko/20100101 Firefox/47.0"
172.31.12.194 (183.129.160.229) - - [13/Mar/2018:09:23:41 +0000] "GET /wp-includes/js/nri.exe HTTP/1.1" 404 233 "-" "Mozilla/5.0 (Macintosh; Intel Mac OS X 10.11; rv:47.0) Gecko/20100101 Firefox/47.0"
::1 (-) - - [13/Mar/2018:09:24:40 +0000] "OPTIONS * HTTP/1.0" 200 - "-" "Apache/2.4.27 (Amazon) mod_wsgi/3.5 Python/3.6.2 (internal dummy connection)"
::1 (-) - - [13/Mar/2018:09:24:45 +0000] "OPTIONS * HTTP/1.0" 200 - "-" "Apache/2.4.27 (Amazon) mod_wsgi/3.5 Python/3.6.2 (internal dummy connection)"
::1 (-) - - [13/Mar/2018:09:24:46 +0000] "OPTIONS * HTTP/1.0" 200 - "-" "Apache/2.4.27 (Amazon) mod_wsgi/3.5 Python/3.6.2 (internal dummy connection)"
::1 (-) - - [13/Mar/2018:09:25:07 +0000] "OPTIONS * HTTP/1.0" 200 - "-" "Apache/2.4.27 (Amazon) mod_wsgi/3.5 Python/3.6.2 (internal dummy connection)"
172.31.12.194 (180.101.193.29) - - [13/Mar/2018:15:02:48 +0000] "GET / HTTP/1.1" 200 11520 "http://34.212.158.135:80/" "Mozilla/4.0 (compatible; MSIE 9.0; Windows NT 6.1)"
172.31.35.1 (220.189.249.97) - - [13/Mar/2018:16:18:54 +0000] "GET /manager/html HTTP/1.1" 404 233 "-" "Mozilla/5.0 (compatible; MSIE 10.0; Windows NT 6.2; WOW64; Trident/6.0)"



-------------------------------------
/var/log/eb-activity.log
-------------------------------------
    Running setup.py bdist_wheel for Flask-WTF: started
    Running setup.py bdist_wheel for Flask-WTF: finished with status 'done'
    Stored in directory: /root/.cache/pip/wheels/1f/0d/fc/fe1ceaf23fb76c6764d683db4f44e17868312a7be8549fcd21
    Running setup.py bdist_wheel for Jinja2: started
    Running setup.py bdist_wheel for Jinja2: finished with status 'done'
    Stored in directory: /root/.cache/pip/wheels/ea/d6/b1/389cd2f50d24ce359eb1f4005965da619ef62316226b2d430d
    Running setup.py bdist_wheel for MarkupSafe: started
    Running setup.py bdist_wheel for MarkupSafe: finished with status 'done'
    Stored in directory: /root/.cache/pip/wheels/a3/fa/dc/0198eed9ad95489b8a4f45d14dd5d2aee3f8984e46862c5748
    Running setup.py bdist_wheel for SQLAlchemy: started
    Running setup.py bdist_wheel for SQLAlchemy: finished with status 'done'
    Stored in directory: /root/.cache/pip/wheels/b6/d1/ae/66b6ceea8130207b175df47c968ffdbe3e1af09e300815eaeb
    Running setup.py bdist_wheel for WTForms: started
    Running setup.py bdist_wheel for WTForms: finished with status 'done'
    Stored in directory: /root/.cache/pip/wheels/34/64/47/01cf74339730cf76f52d1ff0bb9f5c4d8ab34f35278922552c
    Running setup.py bdist_wheel for Werkzeug: started
    Running setup.py bdist_wheel for Werkzeug: finished with status 'done'
    Stored in directory: /root/.cache/pip/wheels/2b/ab/06/1a092f3f4a9cc2fa593eb32009c39d78025cb0a1f6fe4dc0da
    Running setup.py bdist_wheel for argparse: started
    Running setup.py bdist_wheel for argparse: finished with status 'done'
    Stored in directory: /root/.cache/pip/wheels/0c/98/89/7494d5db3af34dc96bba5bff3bf8a8f38eeeab5291ec174cc3
    Running setup.py bdist_wheel for itsdangerous: started
    Running setup.py bdist_wheel for itsdangerous: finished with status 'done'
    Stored in directory: /root/.cache/pip/wheels/fc/a8/66/24d655233c757e178d45dea2de22a04c6d92766abfb741129a
  Successfully built Flask Flask-SQLAlchemy Flask-WTF Jinja2 MarkupSafe SQLAlchemy WTForms Werkzeug argparse itsdangerous
  Installing collected packages: scikit-learn, numpy, scipy, Werkzeug, MarkupSafe, Jinja2, itsdangerous, Flask, SQLAlchemy, Flask-SQLAlchemy, WTForms, Flask-WTF, PyMySQL, argparse, boto
  Successfully installed Flask-0.10.1 Flask-SQLAlchemy-2.0 Flask-WTF-0.10.3 Jinja2-2.7.3 MarkupSafe-0.23 PyMySQL-0.6.3 SQLAlchemy-0.9.8 WTForms-2.0.1 Werkzeug-0.9.6 argparse-1.2.1 boto-2.28.0 itsdangerous-0.24 numpy-1.14.1 scikit-learn-0.19.0 scipy-0.19.1
[2018-03-07T00:36:11.314Z] INFO  [3167]  - [Application deployment app-180306_183321@1/StartupStage0/AppDeployPreHook/04configen.py] : Starting activity...
[2018-03-07T00:36:12.701Z] INFO  [3167]  - [Application deployment app-180306_183321@1/StartupStage0/AppDeployPreHook/04configen.py] : Completed activity.
[2018-03-07T00:36:12.701Z] INFO  [3167]  - [Application deployment app-180306_183321@1/StartupStage0/AppDeployPreHook] : Completed activity. Result:
  Successfully execute hooks in directory /opt/elasticbeanstalk/hooks/appdeploy/pre.
[2018-03-07T00:36:12.702Z] INFO  [3167]  - [Application deployment app-180306_183321@1/StartupStage0/EbExtensionPostBuild] : Starting activity...
[2018-03-07T00:36:13.095Z] INFO  [3167]  - [Application deployment app-180306_183321@1/StartupStage0/EbExtensionPostBuild/Infra-EmbeddedPostBuild] : Starting activity...
[2018-03-07T00:36:13.095Z] INFO  [3167]  - [Application deployment app-180306_183321@1/StartupStage0/EbExtensionPostBuild/Infra-EmbeddedPostBuild] : Completed activity.
[2018-03-07T00:36:13.110Z] INFO  [3167]  - [Application deployment app-180306_183321@1/StartupStage0/EbExtensionPostBuild] : Completed activity.
[2018-03-07T00:36:13.110Z] INFO  [3167]  - [Application deployment app-180306_183321@1/StartupStage0/InfraCleanEbExtension] : Starting activity...
[2018-03-07T00:36:13.129Z] INFO  [3167]  - [Application deployment app-180306_183321@1/StartupStage0/InfraCleanEbExtension] : Completed activity. Result:
  Cleaned ebextensions subdirectories from /opt/python/ondeck/app.
[2018-03-07T00:36:13.129Z] INFO  [3167]  - [Application deployment app-180306_183321@1/StartupStage0] : Completed activity. Result:
  Application deployment - Command CMD-Startup stage 0 completed
[2018-03-07T00:36:13.129Z] INFO  [3167]  - [Application deployment app-180306_183321@1/StartupStage1] : Starting activity...
[2018-03-07T00:36:13.130Z] INFO  [3167]  - [Application deployment app-180306_183321@1/StartupStage1/AppDeployEnactHook] : Starting activity...
[2018-03-07T00:36:13.131Z] INFO  [3167]  - [Application deployment app-180306_183321@1/StartupStage1/AppDeployEnactHook/01flip.py] : Starting activity...
[2018-03-07T00:36:18.149Z] INFO  [3167]  - [Application deployment app-180306_183321@1/StartupStage1/AppDeployEnactHook/01flip.py] : Completed activity. Result:
  httpd: stopped
  httpd: started
  httpd                            RUNNING   pid 3429, uptime 0:00:03
[2018-03-07T00:36:18.150Z] INFO  [3167]  - [Application deployment app-180306_183321@1/StartupStage1/AppDeployEnactHook/01stop_xray.sh] : Starting activity...
[2018-03-07T00:36:20.262Z] INFO  [3167]  - [Application deployment app-180306_183321@1/StartupStage1/AppDeployEnactHook/01stop_xray.sh] : Completed activity. Result:
  Executing: if ( initctl status xray | grep start ); then initctl stop xray; fi
  xray start/running, process 2258
  xray stop/waiting
[2018-03-07T00:36:20.262Z] INFO  [3167]  - [Application deployment app-180306_183321@1/StartupStage1/AppDeployEnactHook/02create_pids_for_monitoring.sh] : Starting activity...
[2018-03-07T00:36:20.359Z] INFO  [3167]  - [Application deployment app-180306_183321@1/StartupStage1/AppDeployEnactHook/02create_pids_for_monitoring.sh] : Completed activity. Result:
  + chmod 0755 /var/run/httpd
  + /opt/elasticbeanstalk/bin/healthd-track-pidfile --proxy httpd
  + /opt/elasticbeanstalk/bin/healthd-track-pidfile --name application --location /opt/python/run/supervisord.pid
[2018-03-07T00:36:20.359Z] INFO  [3167]  - [Application deployment app-180306_183321@1/StartupStage1/AppDeployEnactHook/02start_xray.sh] : Starting activity...
[2018-03-07T00:36:20.459Z] INFO  [3167]  - [Application deployment app-180306_183321@1/StartupStage1/AppDeployEnactHook/02start_xray.sh] : Completed activity.
[2018-03-07T00:36:20.459Z] INFO  [3167]  - [Application deployment app-180306_183321@1/StartupStage1/AppDeployEnactHook] : Completed activity. Result:
  Successfully execute hooks in directory /opt/elasticbeanstalk/hooks/appdeploy/enact.
[2018-03-07T00:36:20.459Z] INFO  [3167]  - [Application deployment app-180306_183321@1/StartupStage1/AppDeployPostHook] : Starting activity...
[2018-03-07T00:36:20.459Z] INFO  [3167]  - [Application deployment app-180306_183321@1/StartupStage1/AppDeployPostHook] : Completed activity. Result:
  Successfully execute hooks in directory /opt/elasticbeanstalk/hooks/appdeploy/post.
[2018-03-07T00:36:20.459Z] INFO  [3167]  - [Application deployment app-180306_183321@1/StartupStage1/PostInitHook] : Starting activity...
[2018-03-07T00:36:20.460Z] INFO  [3167]  - [Application deployment app-180306_183321@1/StartupStage1/PostInitHook/01processmgrstart.sh] : Starting activity...
[2018-03-07T00:36:20.465Z] INFO  [3167]  - [Application deployment app-180306_183321@1/StartupStage1/PostInitHook/01processmgrstart.sh] : Completed activity. Result:
  + pgrep supervisord
  3028
[2018-03-07T00:36:20.465Z] INFO  [3167]  - [Application deployment app-180306_183321@1/StartupStage1/PostInitHook] : Completed activity. Result:
  Successfully execute hooks in directory /opt/elasticbeanstalk/hooks/postinit.
[2018-03-07T00:36:20.466Z] INFO  [3167]  - [Application deployment app-180306_183321@1/StartupStage1] : Completed activity. Result:
  Application deployment - Command CMD-Startup stage 1 completed
[2018-03-07T00:36:20.466Z] INFO  [3167]  - [Application deployment app-180306_183321@1/AddonsAfter] : Starting activity...
[2018-03-07T00:36:20.466Z] INFO  [3167]  - [Application deployment app-180306_183321@1/AddonsAfter/ConfigLogRotation] : Starting activity...
[2018-03-07T00:36:20.466Z] INFO  [3167]  - [Application deployment app-180306_183321@1/AddonsAfter/ConfigLogRotation/10-config.sh] : Starting activity...
[2018-03-07T00:36:20.542Z] INFO  [3167]  - [Application deployment app-180306_183321@1/AddonsAfter/ConfigLogRotation/10-config.sh] : Completed activity. Result:
  Disabled forced hourly log rotation.
[2018-03-07T00:36:20.542Z] INFO  [3167]  - [Application deployment app-180306_183321@1/AddonsAfter/ConfigLogRotation] : Completed activity. Result:
  Successfully execute hooks in directory /opt/elasticbeanstalk/addons/logpublish/hooks/config.
[2018-03-07T00:36:20.542Z] INFO  [3167]  - [Application deployment app-180306_183321@1/AddonsAfter] : Completed activity.
[2018-03-07T00:36:20.542Z] INFO  [3167]  - [Application deployment app-180306_183321@1] : Completed activity. Result:
  Application deployment - Command CMD-Startup succeeded
[2018-03-13T18:13:19.395Z] INFO  [8302]  - [CMD-BundleLogs] : Starting activity...
[2018-03-13T18:13:19.395Z] INFO  [8302]  - [CMD-BundleLogs/AddonsBefore] : Starting activity...
[2018-03-13T18:13:19.395Z] INFO  [8302]  - [CMD-BundleLogs/AddonsBefore] : Completed activity.
[2018-03-13T18:13:19.395Z] INFO  [8302]  - [CMD-BundleLogs/BundleLogs] : Starting activity...
[2018-03-13T18:13:19.396Z] INFO  [8302]  - [CMD-BundleLogs/BundleLogs/BundleLogs] : Starting activity...
[2018-03-13T18:13:19.718Z] INFO  [8302]  - [CMD-BundleLogs/BundleLogs/BundleLogs] : Completed activity.
[2018-03-13T18:13:19.719Z] INFO  [8302]  - [CMD-BundleLogs/BundleLogs] : Completed activity. Result:
  CMD-BundleLogs - stage 0 - Command CMD-BundleLogs stage 0 completed
[2018-03-13T18:13:19.719Z] INFO  [8302]  - [CMD-BundleLogs/AddonsAfter] : Starting activity...
[2018-03-13T18:13:19.719Z] INFO  [8302]  - [CMD-BundleLogs/AddonsAfter] : Completed activity.
[2018-03-13T18:13:19.719Z] INFO  [8302]  - [CMD-BundleLogs] : Completed activity. Result:
  CMD-BundleLogs - Command CMD-BundleLogs succeeded
[2018-03-13T18:13:28.150Z] INFO  [8318]  - [CMD-TailLogs] : Starting activity...
[2018-03-13T18:13:28.150Z] INFO  [8318]  - [CMD-TailLogs/AddonsBefore] : Starting activity...
[2018-03-13T18:13:28.150Z] INFO  [8318]  - [CMD-TailLogs/AddonsBefore] : Completed activity.
[2018-03-13T18:13:28.150Z] INFO  [8318]  - [CMD-TailLogs/TailLogs] : Starting activity...
[2018-03-13T18:13:28.150Z] INFO  [8318]  - [CMD-TailLogs/TailLogs/TailLogs] : Starting activity...



-------------------------------------
/var/log/eb-commandprocessor.log
-------------------------------------
[2018-03-07T00:35:37.491Z] DEBUG [3167]  : Retrieving metadata for key: AWS::ElasticBeanstalk::Ext||_ContainerConfigFileContent||commands..
[2018-03-07T00:35:37.492Z] DEBUG [3167]  : Retrieving metadata for key: AWS::ElasticBeanstalk::Ext||_API||_Commands..
[2018-03-07T00:35:37.493Z] INFO  [3167]  : Found enabled addons: ["logstreaming", "logpublish"].
[2018-03-07T00:35:37.494Z] INFO  [3167]  : Updating Command definition of addon logstreaming.
[2018-03-07T00:35:37.494Z] INFO  [3167]  : Updating Command definition of addon logpublish.
[2018-03-07T00:35:37.494Z] DEBUG [3167]  : Refreshing metadata...
[2018-03-07T00:35:37.879Z] DEBUG [3167]  : Refreshed environment metadata.
[2018-03-07T00:35:37.879Z] INFO  [3167]  : Recreated directory /opt/elasticbeanstalk/deploy/configuration/.
[2018-03-07T00:35:37.879Z] DEBUG [3167]  : Retrieving metadata for key: AWS::ElasticBeanstalk::Ext||_AppSourceUrlFileContent||url..
[2018-03-07T00:35:37.880Z] INFO  [3167]  : Created appsource url file at /opt/elasticbeanstalk/deploy/configuration/appsourceurl.
[2018-03-07T00:35:37.880Z] DEBUG [3167]  : Retrieving metadata for key: AWS::ElasticBeanstalk::Ext||_ContainerConfigFileContent..
[2018-03-07T00:35:37.881Z] INFO  [3167]  : Created container config file at /opt/elasticbeanstalk/deploy/configuration/containerconfiguration.
[2018-03-07T00:35:37.881Z] DEBUG [3167]  : Retrieving metadata for key: AWS::ElasticBeanstalk::Ext||_ContainerConfigFileContent||commands..
[2018-03-07T00:35:37.882Z] DEBUG [3167]  : Retrieving metadata for key: AWS::ElasticBeanstalk::Ext||_API||_Commands..
[2018-03-07T00:35:37.882Z] INFO  [3167]  : Found enabled addons: ["logstreaming", "logpublish"].
[2018-03-07T00:35:37.883Z] INFO  [3167]  : Updating Command definition of addon logstreaming.
[2018-03-07T00:35:37.883Z] INFO  [3167]  : Updating Command definition of addon logpublish.
[2018-03-07T00:35:37.883Z] DEBUG [3167]  : Loaded definition of Command CMD-Startup.
[2018-03-07T00:35:37.884Z] INFO  [3167]  : Executing Application deployment
[2018-03-07T00:35:37.884Z] INFO  [3167]  : Executing command: CMD-Startup...
[2018-03-07T00:35:37.884Z] INFO  [3167]  : Executing command CMD-Startup activities...
[2018-03-07T00:35:37.884Z] DEBUG [3167]  : Setting environment variables..
[2018-03-07T00:35:37.884Z] INFO  [3167]  : Running AddonsBefore for command CMD-Startup...
[2018-03-07T00:35:38.005Z] DEBUG [3167]  : Running stages of Command CMD-Startup from stage 0 to stage 1...
[2018-03-07T00:35:38.005Z] INFO  [3167]  : Running stage 0 of command CMD-Startup...
[2018-03-07T00:35:38.005Z] INFO  [3167]  : Running leader election...
[2018-03-07T00:35:38.390Z] INFO  [3167]  : Instance is Leader.
[2018-03-07T00:35:38.390Z] DEBUG [3167]  : Loaded 7 actions for stage 0.
[2018-03-07T00:35:38.390Z] INFO  [3167]  : Running 1 of 7 actions: HealthdLogRotation...
[2018-03-07T00:35:38.396Z] INFO  [3167]  : Running 2 of 7 actions: HealthdHTTPDLogging...
[2018-03-07T00:35:38.396Z] INFO  [3167]  : Running 3 of 7 actions: HealthdNginxLogging...
[2018-03-07T00:35:38.396Z] INFO  [3167]  : Running 4 of 7 actions: EbExtensionPreBuild...
[2018-03-07T00:35:38.752Z] INFO  [3167]  : Running 5 of 7 actions: AppDeployPreHook...
[2018-03-07T00:36:12.701Z] INFO  [3167]  : Running 6 of 7 actions: EbExtensionPostBuild...
[2018-03-07T00:36:13.110Z] INFO  [3167]  : Running 7 of 7 actions: InfraCleanEbExtension...
[2018-03-07T00:36:13.129Z] INFO  [3167]  : Running stage 1 of command CMD-Startup...
[2018-03-07T00:36:13.129Z] DEBUG [3167]  : Loaded 3 actions for stage 1.
[2018-03-07T00:36:13.129Z] INFO  [3167]  : Running 1 of 3 actions: AppDeployEnactHook...
[2018-03-07T00:36:20.459Z] INFO  [3167]  : Running 2 of 3 actions: AppDeployPostHook...
[2018-03-07T00:36:20.459Z] INFO  [3167]  : Running 3 of 3 actions: PostInitHook...
[2018-03-07T00:36:20.466Z] INFO  [3167]  : Running AddonsAfter for command CMD-Startup...
[2018-03-07T00:36:20.542Z] INFO  [3167]  : Command CMD-Startup succeeded!
[2018-03-07T00:36:20.542Z] INFO  [3167]  : Command processor returning results: 
{"status":"SUCCESS","api_version":"1.0","results":[{"status":"SUCCESS","msg":"","returncode":0,"events":[]}]}
[2018-03-13T18:13:19.390Z] DEBUG [8302]  : Reading config file: /etc/elasticbeanstalk/.aws-eb-stack.properties
[2018-03-13T18:13:19.391Z] DEBUG [8302]  : Checking if the command processor should execute...
[2018-03-13T18:13:19.392Z] DEBUG [8302]  : Checking whether the command is applicable to instance (i-0e23e76090e681f79)..
[2018-03-13T18:13:19.392Z] INFO  [8302]  : Command is applicable to this instance (i-0e23e76090e681f79)..
[2018-03-13T18:13:19.392Z] DEBUG [8302]  : Checking if the received command stage is valid..
[2018-03-13T18:13:19.392Z] INFO  [8302]  : No stage_num in command. Valid stage..
[2018-03-13T18:13:19.392Z] INFO  [8302]  : Received command CMD-BundleLogs: {"execution_data":"{\"aws_access_key_id\":\"ASIAIFZ3W7XA7GPX4MJA\",\"signature\":\"OM9w6aL4h8UrddxetL75umbuGAU=\",\"security_token\":\"FQoDYXdzEDMaDGrpo\\\/5k+p1C4sboSyLqA0o3DgR413K3LYCJSyv7QeT7s0zOpL2hfnUJq\\\/LZSsryB\\\/WDpbCsVWRNOwzV4Ha3xBNmcq4lUwnPTVPa4CJ4jcAMazmx8jBjpGVv\\\/LIGMTZ1iW1dLb7rRZEEedte42Bwhz7SAdWYPu+tZa4XsrBsKJULckmMsTZAx9I4sOUogOuEEWR+Xm8HGsD+F\\\/4I7PYTvyDIpxcX3RR7Elw2Ts8pozEQMPruvgiOYwliWJ5TADk4PMNY2DlzTfd3AFmHpM38sZqdYCaOoC4XSvTb3At6mOlTMKttc3wcO3NCAB6q\\\/VoqMM7y\\\/3MZ5fmku3oYOTdqx956ttgZ1WeHrB4avCri5OU4Uyava4b81Y22k9Y922Bghg6L54eIjvjiI3yyvjOx+XOGHE09WGWMJVr2sKzZIvOTa39J07mRDHDz4C5qE9Pj0jbZFUweTiulkMSHwZ6Sus\\\/k9GIf2HfY0WqL8oatKKqBGK1pac5SZQ1giraqKJ3tByRaJhy2inVZ74NLc+ro2jrL7\\\/dLNu5OFQnjMQ5DroNIbYn5IYY+213FVjgOY97vlelrYcws0LhOdi4mywZCYVwQ1qF3P0iDGBUZX4hHkK8DJdWnc3MBWk7zcaUhkfSB\\\/VKZOvEVL6z\\\/oylGm6b6iX57PmDAF7hO2q8omamg1QU=|NTQuMjQwLjIzMC4xOTA=\",\"policy\":\"eyJleHBpcmF0aW9uIjoiMjAxOC0wMy0xM1QxODo0MzoxNy45MDRaIiwiY29uZGl0aW9ucyI6W1sic3RhcnRzLXdpdGgiLCIkeC1hbXotbWV0YS10aW1lX3N0YW1wIiwiIl0sWyJzdGFydHMtd2l0aCIsIiR4LWFtei1tZXRhLXB1Ymxpc2hfbWVjaGFuaXNtIiwiIl0sWyJzdGFydHMtd2l0aCIsIiRrZXkiLCJyZXNvdXJjZXNcL2Vudmlyb25tZW50c1wvbG9nc1wvIl0sWyJzdGFydHMtd2l0aCIsIiR4LWFtei1tZXRhLWJhdGNoX2lkIiwiIl0sWyJzdGFydHMtd2l0aCIsIiR4LWFtei1tZXRhLWZpbGVfbmFtZSIsIiJdLFsic3RhcnRzLXdpdGgiLCIkeC1hbXotc2VjdXJpdHktdG9rZW4iLCIiXSxbInN0YXJ0cy13aXRoIiwiJENvbnRlbnQtVHlwZSIsIiJdLFsiZXEiLCIkYnVja2V0IiwiZWxhc3RpY2JlYW5zdGFsay11cy13ZXN0LTItNDc5MDQ3MjMxMTgzIl0sWyJlcSIsIiRhY2wiLCJwcml2YXRlIl1dfQ==\"}","instance_ids":["i-0e23e76090e681f79"],"data":"3465599c-26ea-11e8-918a-c917f64001b3","command_name":"CMD-BundleLogs","api_version":"1.0","resource_name":"AWSEBAutoScalingGroup","request_id":"3465599c-26ea-11e8-918a-c917f64001b3"}
[2018-03-13T18:13:19.392Z] INFO  [8302]  : Command processor should execute command.
[2018-03-13T18:13:19.392Z] DEBUG [8302]  : Storing current stage..
[2018-03-13T18:13:19.392Z] DEBUG [8302]  : Stage_num does not exist. Not saving null stage. Returning..
[2018-03-13T18:13:19.392Z] DEBUG [8302]  : Reading config file: /etc/elasticbeanstalk/.aws-eb-stack.properties
[2018-03-13T18:13:19.393Z] DEBUG [8302]  : Retrieving metadata for key: AWS::ElasticBeanstalk::Ext||_ContainerConfigFileContent||commands..
[2018-03-13T18:13:19.393Z] DEBUG [8302]  : Retrieving metadata for key: AWS::ElasticBeanstalk::Ext||_API||_Commands..
[2018-03-13T18:13:19.394Z] INFO  [8302]  : Found enabled addons: ["logstreaming", "logpublish"].
[2018-03-13T18:13:19.395Z] INFO  [8302]  : Updating Command definition of addon logstreaming.
[2018-03-13T18:13:19.395Z] INFO  [8302]  : Updating Command definition of addon logpublish.
[2018-03-13T18:13:19.395Z] DEBUG [8302]  : Loaded definition of Command CMD-BundleLogs.
[2018-03-13T18:13:19.395Z] INFO  [8302]  : Executing CMD-BundleLogs
[2018-03-13T18:13:19.395Z] INFO  [8302]  : Executing command: CMD-BundleLogs...
[2018-03-13T18:13:19.395Z] INFO  [8302]  : Executing command CMD-BundleLogs activities...
[2018-03-13T18:13:19.395Z] DEBUG [8302]  : Setting environment variables..
[2018-03-13T18:13:19.395Z] INFO  [8302]  : Running AddonsBefore for command CMD-BundleLogs...
[2018-03-13T18:13:19.395Z] DEBUG [8302]  : Running stages of Command CMD-BundleLogs from stage 0 to stage 0...
[2018-03-13T18:13:19.395Z] INFO  [8302]  : Running stage 0 of command CMD-BundleLogs...
[2018-03-13T18:13:19.396Z] DEBUG [8302]  : Loaded 1 actions for stage 0.
[2018-03-13T18:13:19.396Z] INFO  [8302]  : Running 1 of 1 actions: BundleLogs...
[2018-03-13T18:13:19.719Z] INFO  [8302]  : Running AddonsAfter for command CMD-BundleLogs...
[2018-03-13T18:13:19.719Z] INFO  [8302]  : Command CMD-BundleLogs succeeded!
[2018-03-13T18:13:19.719Z] INFO  [8302]  : Command processor returning results: 
{"status":"SUCCESS","api_version":"1.0","results":[{"status":"SUCCESS","msg":"","returncode":0,"events":[{"msg":"[Instance: i-0e23e76090e681f79] Successfully finished bundling 18 log(s)","severity":"INFO","timestamp":1520964799719}]}]}
[2018-03-13T18:13:28.145Z] DEBUG [8318]  : Reading config file: /etc/elasticbeanstalk/.aws-eb-stack.properties
[2018-03-13T18:13:28.145Z] DEBUG [8318]  : Checking if the command processor should execute...
[2018-03-13T18:13:28.147Z] DEBUG [8318]  : Checking whether the command is applicable to instance (i-0e23e76090e681f79)..
[2018-03-13T18:13:28.147Z] INFO  [8318]  : Command is applicable to this instance (i-0e23e76090e681f79)..
[2018-03-13T18:13:28.147Z] DEBUG [8318]  : Checking if the received command stage is valid..
[2018-03-13T18:13:28.147Z] INFO  [8318]  : No stage_num in command. Valid stage..
[2018-03-13T18:13:28.147Z] INFO  [8318]  : Received command CMD-TailLogs: {"execution_data":"{\"aws_access_key_id\":\"ASIAJX44X3TF4M4J4O2Q\",\"signature\":\"nXNDGEH47UroLiR12M89aYxTRn4=\",\"security_token\":\"FQoDYXdzEDMaDHDJpmJi9erjA\\\/O9UyLqA3FPb8tPMf9Mz30x4FoJgqXYfswtMJxFpJ3U22qwXpn47RTFlQBCSiQVSZC+bOCF5P6RrGJ5pmXDMFpQFmWw9bUhe8qYXpwgWrDq37LYAD8z38GsaMax0PTCrcqD9XL8rBDCNMf+Zrry\\\/0orNmNCvedDJObHjKswIOwtuHXxdEmGOLxa6Xt9EE4F7bbh26C4EqBw9ixI5a2Ovk9+q26g0UkmoC8EMUPVbexqEzLnBQGWPNMNm7wDIKMjrxOAOtOkkLvpIn56enSx\\\/2ghEm3yUjihbIsvoBoQeisTfjQAbmunPLGYa+iSy86iovvYjTIEDpeYuo6\\\/Fxxr3DL8Obgg3u8bXK22CxaXVLIN3pUtqInYHmIdtskCp3RZq+wgthJMrvj15C6ecySs5\\\/N4cSxB7o+wgMjY6UbYhB7YrHkoQwWoaY1iUfvxZdvEQwo8UJTJYqPjzkSe9XklTCk3TojP\\\/vXX7jlwpH+gl8UV7iYbrYaRxZ9XUTxe0ZgwRIf4dDR\\\/ImQdFnLAv1RpizZfZeYNiZqPcrsHSR1tZ1\\\/Ey23vmuxI1dWPlfyt+al5pIaPH2YPlo6lUW4nJqm8K4qGm6k9udI9vRt8sYLSuO4J26SGAHlB8fDu9PrmYPk7RvMXxy3x5njXk+BH\\\/zHaNZUomamg1QU=|NTQuMjQwLjIzMC4yNDI=\",\"policy\":\"eyJleHBpcmF0aW9uIjoiMjAxOC0wMy0xM1QxODo0MzoyNi42NjNaIiwiY29uZGl0aW9ucyI6W1sic3RhcnRzLXdpdGgiLCIkeC1hbXotbWV0YS10aW1lX3N0YW1wIiwiIl0sWyJzdGFydHMtd2l0aCIsIiR4LWFtei1tZXRhLXB1Ymxpc2hfbWVjaGFuaXNtIiwiIl0sWyJzdGFydHMtd2l0aCIsIiRrZXkiLCJyZXNvdXJjZXNcL2Vudmlyb25tZW50c1wvbG9nc1wvIl0sWyJzdGFydHMtd2l0aCIsIiR4LWFtei1tZXRhLWJhdGNoX2lkIiwiIl0sWyJzdGFydHMtd2l0aCIsIiR4LWFtei1tZXRhLWZpbGVfbmFtZSIsIiJdLFsic3RhcnRzLXdpdGgiLCIkeC1hbXotc2VjdXJpdHktdG9rZW4iLCIiXSxbInN0YXJ0cy13aXRoIiwiJENvbnRlbnQtVHlwZSIsIiJdLFsiZXEiLCIkYnVja2V0IiwiZWxhc3RpY2JlYW5zdGFsay11cy13ZXN0LTItNDc5MDQ3MjMxMTgzIl0sWyJlcSIsIiRhY2wiLCJwcml2YXRlIl1dfQ==\"}","instance_ids":["i-0e23e76090e681f79"],"data":"39948f4f-26ea-11e8-aebf-4fad2f4740e0","command_name":"CMD-TailLogs","api_version":"1.0","resource_name":"AWSEBAutoScalingGroup","request_id":"39948f4f-26ea-11e8-aebf-4fad2f4740e0"}
[2018-03-13T18:13:28.147Z] INFO  [8318]  : Command processor should execute command.
[2018-03-13T18:13:28.147Z] DEBUG [8318]  : Storing current stage..
[2018-03-13T18:13:28.147Z] DEBUG [8318]  : Stage_num does not exist. Not saving null stage. Returning..
[2018-03-13T18:13:28.147Z] DEBUG [8318]  : Reading config file: /etc/elasticbeanstalk/.aws-eb-stack.properties
[2018-03-13T18:13:28.147Z] DEBUG [8318]  : Retrieving metadata for key: AWS::ElasticBeanstalk::Ext||_ContainerConfigFileContent||commands..
[2018-03-13T18:13:28.148Z] DEBUG [8318]  : Retrieving metadata for key: AWS::ElasticBeanstalk::Ext||_API||_Commands..
[2018-03-13T18:13:28.148Z] INFO  [8318]  : Found enabled addons: ["logstreaming", "logpublish"].
[2018-03-13T18:13:28.150Z] INFO  [8318]  : Updating Command definition of addon logstreaming.
[2018-03-13T18:13:28.150Z] INFO  [8318]  : Updating Command definition of addon logpublish.
[2018-03-13T18:13:28.150Z] DEBUG [8318]  : Loaded definition of Command CMD-TailLogs.
[2018-03-13T18:13:28.150Z] INFO  [8318]  : Executing CMD-TailLogs
[2018-03-13T18:13:28.150Z] INFO  [8318]  : Executing command: CMD-TailLogs...
[2018-03-13T18:13:28.150Z] INFO  [8318]  : Executing command CMD-TailLogs activities...
[2018-03-13T18:13:28.150Z] DEBUG [8318]  : Setting environment variables..
[2018-03-13T18:13:28.150Z] INFO  [8318]  : Running AddonsBefore for command CMD-TailLogs...
[2018-03-13T18:13:28.150Z] DEBUG [8318]  : Running stages of Command CMD-TailLogs from stage 0 to stage 0...
[2018-03-13T18:13:28.150Z] INFO  [8318]  : Running stage 0 of command CMD-TailLogs...
[2018-03-13T18:13:28.150Z] DEBUG [8318]  : Loaded 1 actions for stage 0.
[2018-03-13T18:13:28.150Z] INFO  [8318]  : Running 1 of 1 actions: TailLogs...


